* using log directory ‘/Users/Anderkea/Documents/GitHub/wpgsd/wpgsd.Rcheck’
* using R version 4.5.0 (2025-04-11)
* using platform: aarch64-apple-darwin20
* R was compiled by
    Apple clang version 14.0.0 (clang-1400.0.29.202)
    GNU Fortran (GCC) 14.2.0
* running under: macOS Sequoia 15.6
* using session charset: UTF-8
* using option ‘--no-manual’
* checking for file ‘wpgsd/DESCRIPTION’ ... OK
* this is package ‘wpgsd’ version ‘0.1.0’
* package encoding: UTF-8
* checking package namespace information ... OK
* checking package dependencies ... OK
* checking if this is a source package ... OK
* checking if there is a namespace ... OK
* checking for executable files ... OK
* checking for hidden files and directories ... OK
* checking for portable file names ... WARNING
Found the following file with a non-portable file name:
  inst/aiprompts/s7 prompts.md
These are not fully portable file names.
See section ‘Package structure’ in the ‘Writing R Extensions’ manual.
* checking for sufficient/correct file permissions ... OK
* checking whether package ‘wpgsd’ can be installed ... OK
* checking installed package size ... INFO
  installed size is  5.0Mb
  sub-directories of 1Mb or more:
    doc   4.7Mb
* checking package directory ... OK
* checking ‘build’ directory ... OK
* checking DESCRIPTION meta-information ... NOTE
Package listed in more than one of Depends, Imports, Suggests, Enhances:
  ‘S7’
A package should be listed in only one of these fields.
* checking top-level files ... OK
* checking for left-over files ... OK
* checking index information ... OK
* checking package subdirectories ... OK
* checking code files for non-ASCII characters ... OK
* checking R files for syntax errors ... OK
* checking whether the package can be loaded ... OK
* checking whether the package can be loaded with stated dependencies ... OK
* checking whether the package can be unloaded cleanly ... OK
* checking whether the namespace can be loaded with stated dependencies ... OK
* checking whether the namespace can be unloaded cleanly ... OK
* checking loading without being on the library search path ... OK
* checking dependencies in R code ... NOTE
Package in Depends field not imported from: ‘S7’
  These packages need to be imported from (in the NAMESPACE file)
  for when this namespace is loaded but not attached.
* checking S3 generic/method consistency ... OK
* checking replacement functions ... OK
* checking foreign function calls ... OK
* checking R code for possible problems ... OK
* checking Rd files ... OK
* checking Rd metadata ... OK
* checking Rd cross-references ... OK
* checking for missing documentation entries ... OK
* checking for code/documentation mismatches ... OK
* checking Rd \usage sections ... OK
* checking Rd contents ... OK
* checking for unstated dependencies in examples ... OK
* checking installed files from ‘inst/doc’ ... OK
* checking files in ‘vignettes’ ... OK
* checking examples ... OK
* checking for unstated dependencies in ‘tests’ ... OK
* checking tests ... ERROR
  Running ‘testthat.R’
Running the tests in ‘tests/testthat.R’ failed.
Last 13 lines of output:
   1. └─testthat::expect_output(show(event_table), "Hypotheses: 2") at test-s7-event-table.R:101:3
   2.   └─testthat::expect_match(...)
   3.     └─testthat:::expect_match_(...)
  ── Failure ('test-s7-event-table.R:102:3'): EventTable print method works ──────
  `show\(event_table\)` does not match "Analyses: 1".
  Actual value: "<wpgsd::EventTable> function \(data = tibble::tibble\(\)\)  \\n @ data        : tibble \[2 x 4\] \(S3: tbl_df/tbl/data\.frame\)\\n \$ H1      : num \[1:2\] 1 2\\n \$ H2      : num \[1:2\] 1 2\\n \$ Analysis: num \[1:2\] 1 1\\n \$ Event   : num \[1:2\] 155 160\\n @ n_hypotheses: int 2\\n @ n_analyses  : int 1"
  Backtrace:
      ▆
   1. └─testthat::expect_output(show(event_table), "Analyses: 1") at test-s7-event-table.R:102:3
   2.   └─testthat::expect_match(...)
   3.     └─testthat:::expect_match_(...)
  
  [ FAIL 3 | WARN 1 | SKIP 0 | PASS 50 ]
  Error: Test failures
  Execution halted
* checking for unstated dependencies in vignettes ... OK
* checking package vignettes ... OK
* checking re-building of vignette outputs ...